<?xml version="1.0" encoding="UTF-8"?>
<testsuite xmlns:xsi="http://www.w3.org/2001/XMLSchema-instance" xsi:noNamespaceSchemaLocation="https://maven.apache.org/surefire/maven-surefire-plugin/xsd/surefire-test-report-3.0.xsd" version="3.0" name="shantAFX.collision.CollisionDetectorTest" time="1.351" tests="3" errors="0" skipped="0" failures="0">
  <properties>
    <property name="java.specification.version" value="21"/>
    <property name="sun.cpu.isalist" value="amd64"/>
    <property name="sun.jnu.encoding" value="Cp1252"/>
    <property name="java.class.path" value="C:\Users\shira\OneDrive\Skrivebord\Zaningeh\Civil-Software\SE 4\CBSE\shantAsteroidFX\AsteroidGameFX\Collision\target\test-classes;C:\Users\shira\OneDrive\Skrivebord\Zaningeh\Civil-Software\SE 4\CBSE\shantAsteroidFX\AsteroidGameFX\Collision\target\classes;C:\Users\shira\OneDrive\Skrivebord\Zaningeh\Civil-Software\SE 4\CBSE\shantAsteroidFX\AsteroidGameFX\Common\target\Common-1.0.1-SNAPSHOT.jar;C:\Users\shira\.m2\repository\org\springframework\spring-context\6.1.3\spring-context-6.1.3.jar;C:\Users\shira\.m2\repository\org\springframework\spring-aop\6.1.3\spring-aop-6.1.3.jar;C:\Users\shira\.m2\repository\org\springframework\spring-beans\6.1.3\spring-beans-6.1.3.jar;C:\Users\shira\.m2\repository\org\springframework\spring-core\6.1.3\spring-core-6.1.3.jar;C:\Users\shira\.m2\repository\org\springframework\spring-jcl\6.1.3\spring-jcl-6.1.3.jar;C:\Users\shira\.m2\repository\org\springframework\spring-expression\6.1.3\spring-expression-6.1.3.jar;C:\Users\shira\.m2\repository\io\micrometer\micrometer-observation\1.12.2\micrometer-observation-1.12.2.jar;C:\Users\shira\.m2\repository\io\micrometer\micrometer-commons\1.12.2\micrometer-commons-1.12.2.jar;C:\Users\shira\OneDrive\Skrivebord\Zaningeh\Civil-Software\SE 4\CBSE\shantAsteroidFX\AsteroidGameFX\Asteroid\target\Asteroid-1.0.1-SNAPSHOT.jar;C:\Users\shira\.m2\repository\org\openjfx\javafx-graphics\22.0.2\javafx-graphics-22.0.2.jar;C:\Users\shira\.m2\repository\org\openjfx\javafx-graphics\22.0.2\javafx-graphics-22.0.2-win.jar;C:\Users\shira\.m2\repository\org\openjfx\javafx-base\22.0.2\javafx-base-22.0.2.jar;C:\Users\shira\.m2\repository\org\openjfx\javafx-base\22.0.2\javafx-base-22.0.2-win.jar;C:\Users\shira\OneDrive\Skrivebord\Zaningeh\Civil-Software\SE 4\CBSE\shantAsteroidFX\AsteroidGameFX\Bullet\target\Bullet-1.0.1-SNAPSHOT.jar;C:\Users\shira\OneDrive\Skrivebord\Zaningeh\Civil-Software\SE 4\CBSE\shantAsteroidFX\AsteroidGameFX\Player\target\Player-1.0.1-SNAPSHOT.jar;C:\Users\shira\OneDrive\Skrivebord\Zaningeh\Civil-Software\SE 4\CBSE\shantAsteroidFX\AsteroidGameFX\Enemy\target\Enemy-1.0.1-SNAPSHOT.jar;C:\Users\shira\.m2\repository\org\junit\jupiter\junit-jupiter-api\5.10.2\junit-jupiter-api-5.10.2.jar;C:\Users\shira\.m2\repository\org\opentest4j\opentest4j\1.3.0\opentest4j-1.3.0.jar;C:\Users\shira\.m2\repository\org\junit\platform\junit-platform-commons\1.10.2\junit-platform-commons-1.10.2.jar;C:\Users\shira\.m2\repository\org\apiguardian\apiguardian-api\1.1.2\apiguardian-api-1.1.2.jar;C:\Users\shira\.m2\repository\org\junit\jupiter\junit-jupiter-engine\5.10.2\junit-jupiter-engine-5.10.2.jar;C:\Users\shira\.m2\repository\org\junit\platform\junit-platform-engine\1.10.2\junit-platform-engine-1.10.2.jar;C:\Users\shira\.m2\repository\org\junit\jupiter\junit-jupiter\5.10.2\junit-jupiter-5.10.2.jar;C:\Users\shira\.m2\repository\org\junit\jupiter\junit-jupiter-params\5.10.2\junit-jupiter-params-5.10.2.jar;C:\Users\shira\.m2\repository\org\mockito\mockito-core\5.7.0\mockito-core-5.7.0.jar;C:\Users\shira\.m2\repository\net\bytebuddy\byte-buddy\1.14.9\byte-buddy-1.14.9.jar;C:\Users\shira\.m2\repository\net\bytebuddy\byte-buddy-agent\1.14.9\byte-buddy-agent-1.14.9.jar;C:\Users\shira\.m2\repository\org\objenesis\objenesis\3.3\objenesis-3.3.jar;"/>
    <property name="java.vm.vendor" value="BellSoft"/>
    <property name="sun.arch.data.model" value="64"/>
    <property name="user.variant" value=""/>
    <property name="java.vendor.url" value="https://bell-sw.com/"/>
    <property name="user.timezone" value="Europe/Copenhagen"/>
    <property name="user.country.format" value="DK"/>
    <property name="os.name" value="Windows 11"/>
    <property name="java.vm.specification.version" value="21"/>
    <property name="sun.java.launcher" value="SUN_STANDARD"/>
    <property name="user.country" value="US"/>
    <property name="sun.boot.library.path" value="C:\Program Files\BellSoft\LibericaJDK-21\bin"/>
    <property name="sun.java.command" value="C:\Users\shira\AppData\Local\Temp\surefire11443086731202976174\surefirebooter-20250530193618741_3.jar C:\Users\shira\AppData\Local\Temp\surefire11443086731202976174 2025-05-30T19-36-18_632-jvmRun1 surefire-20250530193618741_1tmp surefire_0-20250530193618741_2tmp"/>
    <property name="jdk.debug" value="release"/>
    <property name="surefire.test.class.path" value="C:\Users\shira\OneDrive\Skrivebord\Zaningeh\Civil-Software\SE 4\CBSE\shantAsteroidFX\AsteroidGameFX\Collision\target\test-classes;C:\Users\shira\OneDrive\Skrivebord\Zaningeh\Civil-Software\SE 4\CBSE\shantAsteroidFX\AsteroidGameFX\Collision\target\classes;C:\Users\shira\OneDrive\Skrivebord\Zaningeh\Civil-Software\SE 4\CBSE\shantAsteroidFX\AsteroidGameFX\Common\target\Common-1.0.1-SNAPSHOT.jar;C:\Users\shira\.m2\repository\org\springframework\spring-context\6.1.3\spring-context-6.1.3.jar;C:\Users\shira\.m2\repository\org\springframework\spring-aop\6.1.3\spring-aop-6.1.3.jar;C:\Users\shira\.m2\repository\org\springframework\spring-beans\6.1.3\spring-beans-6.1.3.jar;C:\Users\shira\.m2\repository\org\springframework\spring-core\6.1.3\spring-core-6.1.3.jar;C:\Users\shira\.m2\repository\org\springframework\spring-jcl\6.1.3\spring-jcl-6.1.3.jar;C:\Users\shira\.m2\repository\org\springframework\spring-expression\6.1.3\spring-expression-6.1.3.jar;C:\Users\shira\.m2\repository\io\micrometer\micrometer-observation\1.12.2\micrometer-observation-1.12.2.jar;C:\Users\shira\.m2\repository\io\micrometer\micrometer-commons\1.12.2\micrometer-commons-1.12.2.jar;C:\Users\shira\OneDrive\Skrivebord\Zaningeh\Civil-Software\SE 4\CBSE\shantAsteroidFX\AsteroidGameFX\Asteroid\target\Asteroid-1.0.1-SNAPSHOT.jar;C:\Users\shira\.m2\repository\org\openjfx\javafx-graphics\22.0.2\javafx-graphics-22.0.2.jar;C:\Users\shira\.m2\repository\org\openjfx\javafx-graphics\22.0.2\javafx-graphics-22.0.2-win.jar;C:\Users\shira\.m2\repository\org\openjfx\javafx-base\22.0.2\javafx-base-22.0.2.jar;C:\Users\shira\.m2\repository\org\openjfx\javafx-base\22.0.2\javafx-base-22.0.2-win.jar;C:\Users\shira\OneDrive\Skrivebord\Zaningeh\Civil-Software\SE 4\CBSE\shantAsteroidFX\AsteroidGameFX\Bullet\target\Bullet-1.0.1-SNAPSHOT.jar;C:\Users\shira\OneDrive\Skrivebord\Zaningeh\Civil-Software\SE 4\CBSE\shantAsteroidFX\AsteroidGameFX\Player\target\Player-1.0.1-SNAPSHOT.jar;C:\Users\shira\OneDrive\Skrivebord\Zaningeh\Civil-Software\SE 4\CBSE\shantAsteroidFX\AsteroidGameFX\Enemy\target\Enemy-1.0.1-SNAPSHOT.jar;C:\Users\shira\.m2\repository\org\junit\jupiter\junit-jupiter-api\5.10.2\junit-jupiter-api-5.10.2.jar;C:\Users\shira\.m2\repository\org\opentest4j\opentest4j\1.3.0\opentest4j-1.3.0.jar;C:\Users\shira\.m2\repository\org\junit\platform\junit-platform-commons\1.10.2\junit-platform-commons-1.10.2.jar;C:\Users\shira\.m2\repository\org\apiguardian\apiguardian-api\1.1.2\apiguardian-api-1.1.2.jar;C:\Users\shira\.m2\repository\org\junit\jupiter\junit-jupiter-engine\5.10.2\junit-jupiter-engine-5.10.2.jar;C:\Users\shira\.m2\repository\org\junit\platform\junit-platform-engine\1.10.2\junit-platform-engine-1.10.2.jar;C:\Users\shira\.m2\repository\org\junit\jupiter\junit-jupiter\5.10.2\junit-jupiter-5.10.2.jar;C:\Users\shira\.m2\repository\org\junit\jupiter\junit-jupiter-params\5.10.2\junit-jupiter-params-5.10.2.jar;C:\Users\shira\.m2\repository\org\mockito\mockito-core\5.7.0\mockito-core-5.7.0.jar;C:\Users\shira\.m2\repository\net\bytebuddy\byte-buddy\1.14.9\byte-buddy-1.14.9.jar;C:\Users\shira\.m2\repository\net\bytebuddy\byte-buddy-agent\1.14.9\byte-buddy-agent-1.14.9.jar;C:\Users\shira\.m2\repository\org\objenesis\objenesis\3.3\objenesis-3.3.jar;"/>
    <property name="sun.cpu.endian" value="little"/>
    <property name="user.home" value="C:\Users\shira"/>
    <property name="user.language" value="en"/>
    <property name="java.specification.vendor" value="Oracle Corporation"/>
    <property name="java.version.date" value="2025-04-15"/>
    <property name="java.home" value="C:\Program Files\BellSoft\LibericaJDK-21"/>
    <property name="file.separator" value="\"/>
    <property name="basedir" value="C:\Users\shira\OneDrive\Skrivebord\Zaningeh\Civil-Software\SE 4\CBSE\shantAsteroidFX\AsteroidGameFX\Collision"/>
    <property name="java.vm.compressedOopsMode" value="Zero based"/>
    <property name="line.separator" value="&#10;"/>
    <property name="java.vm.specification.vendor" value="Oracle Corporation"/>
    <property name="java.specification.name" value="Java Platform API Specification"/>
    <property name="surefire.real.class.path" value="C:\Users\shira\AppData\Local\Temp\surefire11443086731202976174\surefirebooter-20250530193618741_3.jar"/>
    <property name="user.script" value=""/>
    <property name="sun.management.compiler" value="HotSpot 64-Bit Tiered Compilers"/>
    <property name="java.runtime.version" value="21.0.7+9-LTS"/>
    <property name="user.name" value="shira"/>
    <property name="stdout.encoding" value="Cp1252"/>
    <property name="path.separator" value=";"/>
    <property name="os.version" value="10.0"/>
    <property name="java.runtime.name" value="OpenJDK Runtime Environment"/>
    <property name="file.encoding" value="UTF-8"/>
    <property name="java.vm.name" value="OpenJDK 64-Bit Server VM"/>
    <property name="localRepository" value="C:\Users\shira\.m2\repository"/>
    <property name="java.vendor.url.bug" value="https://bell-sw.com/support"/>
    <property name="java.io.tmpdir" value="C:\Users\shira\AppData\Local\Temp\"/>
    <property name="java.version" value="21.0.7"/>
    <property name="user.dir" value="C:\Users\shira\OneDrive\Skrivebord\Zaningeh\Civil-Software\SE 4\CBSE\shantAsteroidFX\AsteroidGameFX\Collision"/>
    <property name="os.arch" value="amd64"/>
    <property name="java.vm.specification.name" value="Java Virtual Machine Specification"/>
    <property name="user.language.format" value="da"/>
    <property name="sun.os.patch.level" value=""/>
    <property name="native.encoding" value="Cp1252"/>
    <property name="java.library.path" value="C:\Program Files\BellSoft\LibericaJDK-21\bin;C:\WINDOWS\Sun\Java\bin;C:\WINDOWS\system32;C:\WINDOWS;C:\Program Files\BellSoft\LibericaJDK-21\bin\;C:\Program Files\Common Files\Oracle\Java\javapath;C:\Program Files (x86)\Common Files\Oracle\Java\java8path;C:\Program Files (x86)\Common Files\Oracle\Java\javapath;C:\Program Files (x86)\Common Files\Intel\Shared Libraries\redist\intel64\compiler;C:\Windows\system32;C:\Windows;C:\Windows\System32\Wbem;C:\Windows\System32\WindowsPowerShell\v1.0\;C:\Windows\System32\OpenSSH\;C:\Program Files (x86)\NVIDIA Corporation\PhysX\Common;C:\Program Files\NVIDIA Corporation\NVIDIA NvDLISR;C:\WINDOWS\system32;C:\WINDOWS;C:\WINDOWS\System32\Wbem;C:\WINDOWS\System32\WindowsPowerShell\v1.0\;C:\WINDOWS\System32\OpenSSH\;C:\Program Files\Git LFS;C:\Program Files\Git\cmd;C:\ProgramData\chocolatey\bin;C:\Program Files\Docker\Docker\resources\bin;C:\Users\shira\OneDrive\Skrivebord\apps\php;C:\ProgramData\ComposerSetup\bin;C:\Program Files\nodejs\;C:\Users\shira\OneDrive\Skrivebord\apps\Maven\apache-maven-3.9.9\bin;;C:\Users\shira\.config\herd\bin\nvm;C:\Program Files\nodejs;C:\Program Files\PowerShell\7\;C:\Users\shira\.config\herd\bin;C:\Users\shira\.config\herd-lite\bin;C:\Users\shira\AppData\Local\Programs\Python\Python311\Scripts\;C:\Users\shira\AppData\Local\Programs\Python\Python311\;C:\Users\shira\AppData\Local\Microsoft\WindowsApps;C:\Users\shira\AppData\Local\Programs\Microsoft VS Code\bin;C:\Program Files\JetBrains\PyCharm Community Edition 2023.1.2\bin;C:\Users\shira\AppData\Local\GitHubDesktop\bin;C:\Users\shira\AppData\Local\Programs\MiKTeX\miktex\bin\x64\;C:\Users\shira\AppData\Local\JetBrains\Toolbox\scripts;;C:\Program Files\JetBrains\PhpStorm 2024.2.1\bin;;C:\Users\shira\AppData\Local\Microsoft\WindowsApps;C:\Users\shira\AppData\Local\Microsoft\WinGet\Packages\Schniz.fnm_Microsoft.Winget.Source_8wekyb3d8bbwe;C:\Users\shira\AppData\Roaming\Composer\vendor\bin;C:\Users\shira\AppData\Roaming\npm;."/>
    <property name="java.vm.info" value="mixed mode, sharing"/>
    <property name="stderr.encoding" value="Cp1252"/>
    <property name="java.vendor" value="BellSoft"/>
    <property name="java.vm.version" value="21.0.7+9-LTS"/>
    <property name="sun.io.unicode.encoding" value="UnicodeLittle"/>
    <property name="java.class.version" value="65.0"/>
  </properties>
  <testcase name="collisions_whenDistanceEqualsThanSumOfRadii" classname="shantAFX.collision.CollisionDetectorTest" time="1.299">
    <system-err><![CDATA[WARNING: A Java agent has been loaded dynamically (C:\Users\shira\.m2\repository\net\bytebuddy\byte-buddy-agent\1.14.9\byte-buddy-agent-1.14.9.jar)
WARNING: If a serviceability tool is in use, please run with -XX:+EnableDynamicAgentLoading to hide this warning
WARNING: If a serviceability tool is not in use, please run with -Djdk.instrument.traceUsage for more information
WARNING: Dynamic loading of agents will be disallowed by default in a future release
]]></system-err>
  </testcase>
  <testcase name="noCollisions_whenDistanceGreaterThanSumOfRadii" classname="shantAFX.collision.CollisionDetectorTest" time="0.01"/>
  <testcase name="collisions_whenDistanceLessThanSumOfRadii" classname="shantAFX.collision.CollisionDetectorTest" time="0.005"/>
</testsuite>